<?xml version="1.0" encoding="UTF-8"?>
<coverage generated="1673644720022" clover="3.2.0">
  <project timestamp="1673644720022" name="All files">
    <metrics statements="4" coveredstatements="4" conditionals="0" coveredconditionals="0" methods="1" coveredmethods="1" elements="5" coveredelements="5" complexity="0" loc="4" ncloc="4" packages="1" files="1" classes="1">
      <file name="fizzbuzz.ts" path="/home/lucas/Documentos/Desafio_Vobys/src/fizzbuzz.ts">
        <metrics statements="4" coveredstatements="4" conditionals="0" coveredconditionals="0" methods="1" coveredmethods="1"/>
        <line num="1" count="1" type="stmt"/>
        <line num="2" count="3" type="stmt"/>
        <line num="3" count="3" type="stmt"/>
        <line num="6" count="1" type="stmt"/>
      </file>
    </metrics>
  </project>
</coverage>
