{"/home/lucas/Documentos/Desafio_Vobys/src/fizzbuzz.ts": {"path":"/home/lucas/Documentos/Desafio_Vobys/src/fizzbuzz.ts","statementMap":{"0":{"start":{"line":1,"column":17},"end":{"line":4,"column":1}},"1":{"start":{"line":2,"column":17},"end":{"line":2,"column":23}},"2":{"start":{"line":3,"column":2},"end":{"line":3,"column":16}},"3":{"start":{"line":6,"column":0},"end":{"line":6,"column":24}}},"fnMap":{"0":{"name":"(anonymous_0)","decl":{"start":{"line":1,"column":17},"end":{"line":1,"column":16}},"loc":{"start":{"line":1,"column":23},"end":{"line":4,"column":1}}}},"branchMap":{},"s":{"0":1,"1":3,"2":3,"3":1},"f":{"0":3},"b":{}}
}
